[00:21:27] [ERROR] [35m[][m [BaseTest.java:49] ==> Current test method failed
[00:21:54] [ERROR] [35m[][m [BaseTest.java:49] ==> Current test method failed
